[03/24/2022 18:23:27] Info: SourceLanguage set to Teradata based on the appsettings configuration.
[03/24/2022 18:23:27] Info: Starting to analyze the input path '/tmp/1f99f8c3-4335-4920-a5a7-4d393cc37c92'...
[03/24/2022 18:23:27] Info: Found 9 SQL files with a total size of 3.33MB
[03/24/2022 18:23:27] Info: Found 0 BTEQ files
[03/24/2022 18:23:27] Info: Found 0 FastLoad files
[03/24/2022 18:23:27] Info: Found 0 MultiLoad files
[03/24/2022 18:23:27] Info: Found 0 TPump files
[03/24/2022 18:23:27] Info: Found 0 TPT files
[03/24/2022 18:23:27] Info: Starting the parsing process of 9 files with 3.33MB of code, this might take a while...
[03/24/2022 18:23:35] Info: EFProcess 637837430154995604 started
[03/24/2022 18:23:35] Debug: TaskParam transformationVisitors = Value is not created.
[03/24/2022 18:23:35] Debug: TaskParam issueInventory = Mobilize.Snow.Assessment.IssueInventory
[03/24/2022 18:23:35] Debug: TaskParam totalLOC = 0
[03/24/2022 18:23:35] Debug: TaskParam assessmentSummaryInventory = Mobilize.Snow.Assessment.AssessmentSummaryInventory
[03/24/2022 18:23:35] Debug: TaskParam sourceLanguage = Teradata
[03/24/2022 18:23:35] Debug: TaskParam TaskConversionTime = Mobilize.Snow.Assessment.TaskConversionTimeSummary
[03/24/2022 18:23:35] Debug: TaskParam parsingProgressDescriptor = Mobilize.Common.Utils.Progress.SingleProgressDescriptor
[03/24/2022 18:23:35] Debug: TaskParam processingProgressDescriptor = Mobilize.Common.Utils.Progress.SingleProgressDescriptor
[03/24/2022 18:23:35] Debug: TaskParam parsedFilesCount = 0
[03/24/2022 18:23:35] Debug: TaskParam AssessmentManager = Mobilize.Snow.Assessment.AssessmentManager
[03/24/2022 18:23:35] Debug: TaskParam ConversionBeginTask.Input = /tmp/1f99f8c3-4335-4920-a5a7-4d393cc37c92/input.wsp
[03/24/2022 18:23:35] Debug: TaskParam workingSet = Value is not created.
[03/24/2022 18:23:35] Debug: TaskParam ConversionBeginTask.ItemMedatada = Artinsoft.Common.Store.ItemMetadata
[03/24/2022 18:23:35] Debug: TaskParam ConversionBeginTask.Enabled = True
[03/24/2022 18:23:35] Debug: TaskParam Repository = Value is not created.
[03/24/2022 18:23:35] Debug: TaskParam RepositoryDirectory = /tmp/1f99f8c3-4335-4920-a5a7-4d393cc37c92OutDir/.mobilize/CommonEF
[03/24/2022 18:23:35] Info: Step 1/7 - Loading Code: STARTED
[03/24/2022 18:23:48] Error: There are 3 parsing errors in the file /tmp/1f99f8c3-4335-4920-a5a7-4d393cc37c92/CLI_T12/CLI/disableEwiComments/disableEwiComments.sql
[03/24/2022 18:23:48] Error: disableEwiComments.sql(1, 1): Unrecognized or invalid STATEMENT @(1, 1). Last valid token was 'CREATE' @(1, 1) 
[03/24/2022 18:23:48] Error: disableEwiComments.sql(4, 2): Unrecognized or invalid STATEMENT @(4, 2). Last valid token was 'COL1' @(4, 2) 
[03/24/2022 18:23:48] Error: disableEwiComments.sql(5, 1): Unrecognized or invalid STATEMENT @(5, 1). Last valid token was ';' @(4, 11), failed token ')' @(5, 1) 
[03/24/2022 18:23:48] Info: Step 1/7 - Loading Code: COMPLETED
[03/24/2022 18:23:48] Debug: TaskParam transformationVisitors = Value is not created.
[03/24/2022 18:23:48] Debug: TaskParam sourceLanguage = Teradata
[03/24/2022 18:23:48] Debug: TaskParam TaskConversionTime = Mobilize.Snow.Assessment.TaskConversionTimeSummary
[03/24/2022 18:23:48] Debug: TaskParam SymbolTableFillingTask.Input = /tmp/1f99f8c3-4335-4920-a5a7-4d393cc37c92/input.wsp
[03/24/2022 18:23:48] Debug: TaskParam workingSet = Artinsoft.Common.Store.RepositoryWorkingSet`2[System.String,Artinsoft.Common.Store.IItemContainer]
[03/24/2022 18:23:48] Debug: TaskParam SymbolTableFillingTask.ItemMedatada = Artinsoft.Common.Store.ItemMetadata
[03/24/2022 18:23:48] Debug: TaskParam SymbolTableFillingTask.Enabled = True
[03/24/2022 18:23:48] Debug: TaskParam Repository = Artinsoft.Common.Store.Repository
[03/24/2022 18:23:48] Debug: TaskParam RepositoryDirectory = /tmp/1f99f8c3-4335-4920-a5a7-4d393cc37c92OutDir/.mobilize/CommonEF
[03/24/2022 18:23:48] Info: Step 2/7 - Semantic Analysis of Tables: STARTED
[03/24/2022 18:24:58] Info: Step 2/7 - Semantic Analysis of Tables: COMPLETED
[03/24/2022 18:24:58] Debug: TaskParam transformationVisitors = Artinsoft.Common.Tools.Transform.TransformationVisitors
[03/24/2022 18:24:58] Debug: TaskParam sourceLanguage = Teradata
[03/24/2022 18:24:58] Debug: TaskParam symbolTable = Mobilize.T12Data.SymbolTable.TdSymbolTable
[03/24/2022 18:24:58] Debug: TaskParam TaskConversionTime = Mobilize.Snow.Assessment.TaskConversionTimeSummary
[03/24/2022 18:24:58] Debug: TaskParam SymbolTableFillingSecondTask.Input = /tmp/1f99f8c3-4335-4920-a5a7-4d393cc37c92/input.wsp
[03/24/2022 18:24:58] Debug: TaskParam workingSet = Artinsoft.Common.Store.RepositoryWorkingSet`2[System.String,Artinsoft.Common.Store.IItemContainer]
[03/24/2022 18:24:58] Debug: TaskParam SymbolTableFillingSecondTask.ItemMedatada = Artinsoft.Common.Store.ItemMetadata
[03/24/2022 18:24:58] Debug: TaskParam SymbolTableFillingSecondTask.Enabled = True
[03/24/2022 18:24:58] Debug: TaskParam Repository = Artinsoft.Common.Store.Repository
[03/24/2022 18:24:58] Debug: TaskParam RepositoryDirectory = /tmp/1f99f8c3-4335-4920-a5a7-4d393cc37c92OutDir/.mobilize/CommonEF
[03/24/2022 18:24:58] Info: Step 3/7 - Semantic Analysis of Top Level Objects: STARTED
[03/24/2022 18:25:00] Info: Step 3/7 - Semantic Analysis of Top Level Objects: COMPLETED
[03/24/2022 18:25:00] Debug: TaskParam transformationVisitors = Artinsoft.Common.Tools.Transform.TransformationVisitors
[03/24/2022 18:25:00] Debug: TaskParam sourceLanguage = Teradata
[03/24/2022 18:25:00] Debug: TaskParam TaskConversionTime = Mobilize.Snow.Assessment.TaskConversionTimeSummary
[03/24/2022 18:25:00] Debug: TaskParam symbolTable = Mobilize.T12Data.SymbolTable.TdSymbolTable
[03/24/2022 18:25:00] Debug: TaskParam userDefinedFunctionTargetTransformation = 
[03/24/2022 18:25:00] Debug: TaskParam SnowScript = False
[03/24/2022 18:25:00] Debug: TaskParam PreProcessTask.Input = /tmp/1f99f8c3-4335-4920-a5a7-4d393cc37c92/input.wsp
[03/24/2022 18:25:00] Debug: TaskParam workingSet = Artinsoft.Common.Store.RepositoryWorkingSet`2[System.String,Artinsoft.Common.Store.IItemContainer]
[03/24/2022 18:25:00] Debug: TaskParam PreProcessTask.ItemMedatada = Artinsoft.Common.Store.ItemMetadata
[03/24/2022 18:25:00] Debug: TaskParam PreProcessTask.Enabled = True
[03/24/2022 18:25:00] Debug: TaskParam Repository = Artinsoft.Common.Store.Repository
[03/24/2022 18:25:00] Debug: TaskParam RepositoryDirectory = /tmp/1f99f8c3-4335-4920-a5a7-4d393cc37c92OutDir/.mobilize/CommonEF
[03/24/2022 18:25:00] Info: Step 4/7 - Pre-Processing: STARTED
[03/24/2022 18:25:03] Info: Step 4/7 - Pre-Processing: COMPLETED
[03/24/2022 18:25:03] Debug: TaskParam inputPath = /tmp/1f99f8c3-4335-4920-a5a7-4d393cc37c92
[03/24/2022 18:25:03] Debug: TaskParam transformationVisitors = Artinsoft.Common.Tools.Transform.TransformationVisitors
[03/24/2022 18:25:03] Debug: TaskParam symbolTable = Mobilize.T12Data.SymbolTable.TdSymbolTable
[03/24/2022 18:25:03] Debug: TaskParam FunctionDependenciesGraphs = 
[03/24/2022 18:25:03] Debug: TaskParam sourceLanguage = Teradata
[03/24/2022 18:25:03] Debug: TaskParam TaskConversionTime = Mobilize.Snow.Assessment.TaskConversionTimeSummary
[03/24/2022 18:25:03] Debug: TaskParam DependenciesExtractorTask.Input = /tmp/1f99f8c3-4335-4920-a5a7-4d393cc37c92/input.wsp
[03/24/2022 18:25:03] Debug: TaskParam workingSet = Artinsoft.Common.Store.RepositoryWorkingSet`2[System.String,Artinsoft.Common.Store.IItemContainer]
[03/24/2022 18:25:03] Debug: TaskParam DependenciesExtractorTask.ItemMedatada = Artinsoft.Common.Store.ItemMetadata
[03/24/2022 18:25:03] Debug: TaskParam DependenciesExtractorTask.Enabled = True
[03/24/2022 18:25:03] Debug: TaskParam Repository = Artinsoft.Common.Store.Repository
[03/24/2022 18:25:03] Debug: TaskParam RepositoryDirectory = /tmp/1f99f8c3-4335-4920-a5a7-4d393cc37c92OutDir/.mobilize/CommonEF
[03/24/2022 18:25:03] Info: Step 5/7 - Analysis of object dependencies: STARTED
[03/24/2022 18:25:03] Info: Step 5/7 - Analysis of object dependencies: COMPLETED
[03/24/2022 18:25:03] Debug: TaskParam transformationVisitors = Artinsoft.Common.Tools.Transform.TransformationVisitors
[03/24/2022 18:25:03] Debug: TaskParam sourceLanguage = Teradata
[03/24/2022 18:25:03] Debug: TaskParam TaskConversionTime = Mobilize.Snow.Assessment.TaskConversionTimeSummary
[03/24/2022 18:25:03] Debug: TaskParam symbolTable = Mobilize.T12Data.SymbolTable.TdSymbolTable
[03/24/2022 18:25:03] Debug: TaskParam preConversionAssessmentStorage = Mobilize.Snow.Assessment.PreConversionAssessmentStorage
[03/24/2022 18:25:03] Debug: TaskParam userDefinedFunctionTargetTransformation = 
[03/24/2022 18:25:03] Debug: TaskParam PreConversionAssessmentTask.Input = /tmp/1f99f8c3-4335-4920-a5a7-4d393cc37c92/input.wsp
[03/24/2022 18:25:03] Debug: TaskParam workingSet = Artinsoft.Common.Store.RepositoryWorkingSet`2[System.String,Artinsoft.Common.Store.IItemContainer]
[03/24/2022 18:25:03] Debug: TaskParam PreConversionAssessmentTask.ItemMedatada = Artinsoft.Common.Store.ItemMetadata
[03/24/2022 18:25:03] Debug: TaskParam PreConversionAssessmentTask.Enabled = True
[03/24/2022 18:25:03] Debug: TaskParam Repository = Artinsoft.Common.Store.Repository
[03/24/2022 18:25:03] Debug: TaskParam RepositoryDirectory = /tmp/1f99f8c3-4335-4920-a5a7-4d393cc37c92OutDir/.mobilize/CommonEF
[03/24/2022 18:25:03] Debug: TaskParam transformationVisitors = Artinsoft.Common.Tools.Transform.TransformationVisitors
[03/24/2022 18:25:03] Debug: TaskParam sourceLanguage = Teradata
[03/24/2022 18:25:03] Debug: TaskParam LineageInventory = Mobilize.Snow.Assessment.LineageInventory
[03/24/2022 18:25:03] Debug: TaskParam reportPath = /tmp/1f99f8c3-4335-4920-a5a7-4d393cc37c92OutDir/Reports
[03/24/2022 18:25:03] Debug: TaskParam SessionTimestamp = 20220324.182327
[03/24/2022 18:25:03] Debug: TaskParam codeModelWriter = Mobilize.Common.AssessmentModel.Writer.CodeModelWriter
[03/24/2022 18:25:03] Debug: TaskParam symbolTable = Mobilize.T12Data.SymbolTable.TdSymbolTable
[03/24/2022 18:25:03] Debug: TaskParam ExecuteOracleLineage = False
[03/24/2022 18:25:03] Debug: TaskParam LineageTask.Input = /tmp/1f99f8c3-4335-4920-a5a7-4d393cc37c92/input.wsp
[03/24/2022 18:25:03] Debug: TaskParam workingSet = Artinsoft.Common.Store.RepositoryWorkingSet`2[System.String,Artinsoft.Common.Store.IItemContainer]
[03/24/2022 18:25:03] Debug: TaskParam LineageTask.ItemMedatada = Artinsoft.Common.Store.ItemMetadata
[03/24/2022 18:25:03] Debug: TaskParam LineageTask.Enabled = True
[03/24/2022 18:25:03] Debug: TaskParam Repository = Artinsoft.Common.Store.Repository
[03/24/2022 18:25:03] Debug: TaskParam RepositoryDirectory = /tmp/1f99f8c3-4335-4920-a5a7-4d393cc37c92OutDir/.mobilize/CommonEF
[03/24/2022 18:25:04] Debug: TaskParam assessmentSummaryInventory = Mobilize.Snow.Assessment.AssessmentSummaryInventory
[03/24/2022 18:25:04] Debug: TaskParam CustomDatabaseName = 
[03/24/2022 18:25:04] Debug: TaskParam CustomSchemaName = PUBLIC
[03/24/2022 18:25:04] Debug: TaskParam IsUserSpecifiedSchemaName = False
[03/24/2022 18:25:04] Debug: TaskParam castTransformationObject = Mobilize.Snow.Common.T12.CastTransformationObject
[03/24/2022 18:25:04] Debug: TaskParam commentIfMissingDependencies = False
[03/24/2022 18:25:04] Debug: TaskParam DependenciesGraphs = [/tmp/1f99f8c3-4335-4920-a5a7-4d393cc37c92/CLI_T12/CLI/missingDependencies/missingDependencies.sql, Mobilize.Snow.Common.Utils.Graph.DirectedGraph], [/tmp/1f99f8c3-4335-4920-a5a7-4d393cc37c92/CLI_T12/CLI/Encoding/US-ASCII/US-ASCII.sql, Mobilize.Snow.Common.Utils.Graph.DirectedGraph], [/tmp/1f99f8c3-4335-4920-a5a7-4d393cc37c92/CLI_T12/CLI/disableEwiComments/disableEwiComments.sql, Mobilize.Snow.Common.Utils.Graph.DirectedGraph], [/tmp/1f99f8c3-4335-4920-a5a7-4d393cc37c92/CLI_T12/CLI/timeFormat/timeFormat.sql, Mobilize.Snow.Common.Utils.Graph.DirectedGraph], [/tmp/1f99f8c3-4335-4920-a5a7-4d393cc37c92/CLI_T12/CLI/CustomizeNames/SQL_BasicSample.sql, Mobilize.Snow.Common.Utils.Graph.DirectedGraph], [/tmp/1f99f8c3-4335-4920-a5a7-4d393cc37c92/CLI_T12/CLI/Encoding/Unicode (UTF-8)/Unicode (UTF-8).sql, Mobilize.Snow.Common.Utils.Graph.DirectedGraph], [/tmp/1f99f8c3-4335-4920-a5a7-4d393cc37c92/CLI_T12/CLI/replaceDeleteAllToTruncate/replaceDeleteAllToTruncate.sql, Mobilize.Snow.Common.Utils.Graph.DirectedGraph], [/tmp/1f99f8c3-4335-4920-a5a7-4d393cc37c92/CLI_T12/CLI/Encoding/Western European (ISO 8859-1)/Western European (ISO 8859-1).sql, Mobilize.Snow.Common.Utils.Graph.DirectedGraph], [/tmp/1f99f8c3-4335-4920-a5a7-4d393cc37c92/CLI_T12/CLI/TC_401780/Table_DDL_accross_Databases.sql, Mobilize.Snow.Common.Utils.Graph.DirectedGraph]
[03/24/2022 18:25:04] Debug: TaskParam FunctionDependenciesGraphs = [/tmp/1f99f8c3-4335-4920-a5a7-4d393cc37c92/CLI_T12/CLI/missingDependencies/missingDependencies.sql, Mobilize.Snow.Common.Utils.Graph.FunctionDependenciesGraph], [/tmp/1f99f8c3-4335-4920-a5a7-4d393cc37c92/CLI_T12/CLI/Encoding/US-ASCII/US-ASCII.sql, Mobilize.Snow.Common.Utils.Graph.FunctionDependenciesGraph], [/tmp/1f99f8c3-4335-4920-a5a7-4d393cc37c92/CLI_T12/CLI/disableEwiComments/disableEwiComments.sql, Mobilize.Snow.Common.Utils.Graph.FunctionDependenciesGraph], [/tmp/1f99f8c3-4335-4920-a5a7-4d393cc37c92/CLI_T12/CLI/timeFormat/timeFormat.sql, Mobilize.Snow.Common.Utils.Graph.FunctionDependenciesGraph], [/tmp/1f99f8c3-4335-4920-a5a7-4d393cc37c92/CLI_T12/CLI/CustomizeNames/SQL_BasicSample.sql, Mobilize.Snow.Common.Utils.Graph.FunctionDependenciesGraph], [/tmp/1f99f8c3-4335-4920-a5a7-4d393cc37c92/CLI_T12/CLI/Encoding/Unicode (UTF-8)/Unicode (UTF-8).sql, Mobilize.Snow.Common.Utils.Graph.FunctionDependenciesGraph], [/tmp/1f99f8c3-4335-4920-a5a7-4d393cc37c92/CLI_T12/CLI/replaceDeleteAllToTruncate/replaceDeleteAllToTruncate.sql, Mobilize.Snow.Common.Utils.Graph.FunctionDependenciesGraph], [/tmp/1f99f8c3-4335-4920-a5a7-4d393cc37c92/CLI_T12/CLI/Encoding/Western European (ISO 8859-1)/Western European (ISO 8859-1).sql, Mobilize.Snow.Common.Utils.Graph.FunctionDependenciesGraph], [/tmp/1f99f8c3-4335-4920-a5a7-4d393cc37c92/CLI_T12/CLI/TC_401780/Table_DDL_accross_Databases.sql, Mobilize.Snow.Common.Utils.Graph.FunctionDependenciesGraph]
[03/24/2022 18:25:04] Debug: TaskParam detailsInventory = Mobilize.Snow.Assessment.DetailsInventory
[03/24/2022 18:25:04] Debug: TaskParam unsupportedInventory = Mobilize.Snow.Assessment.UnsupportedInventory
[03/24/2022 18:25:04] Debug: TaskParam ExecutionModeValue = Conversion
[03/24/2022 18:25:04] Debug: TaskParam inputPath = /tmp/1f99f8c3-4335-4920-a5a7-4d393cc37c92
[03/24/2022 18:25:04] Debug: TaskParam inventory = Mobilize.Snow.Assessment.SqlObjectsInventory
[03/24/2022 18:25:04] Debug: TaskParam issueInventory = Mobilize.Snow.Assessment.IssueInventory
[03/24/2022 18:25:04] Debug: TaskParam Mappings = Mobilize.Snow.ConversionTool.Mapper.SnowFlakeMappingsContainer
[03/24/2022 18:25:04] Debug: TaskParam outputPath = /tmp/1f99f8c3-4335-4920-a5a7-4d393cc37c92OutDir/Output
[03/24/2022 18:25:04] Debug: TaskParam symbolTable = Mobilize.T12Data.SymbolTable.TdSymbolTable
[03/24/2022 18:25:04] Debug: TaskParam transformationVisitors = Artinsoft.Common.Tools.Transform.TransformationVisitors
[03/24/2022 18:25:04] Debug: TaskParam sourceLanguage = Teradata
[03/24/2022 18:25:04] Debug: TaskParam TaskConversionTime = Mobilize.Snow.Assessment.TaskConversionTimeSummary
[03/24/2022 18:25:04] Debug: TaskParam AssessmentManager = Mobilize.Snow.Assessment.AssessmentManager
[03/24/2022 18:25:04] Debug: TaskParam stubManager = Mobilize.Snow.Common.Utils.StubGenerationManager
[03/24/2022 18:25:04] Debug: TaskParam UDFManager = Mobilize.Snow.Common.UdfManager
[03/24/2022 18:25:04] Debug: TaskParam inputInfo = Mobilize.Snow.ConversionTool.Tasks.T12InputFilesInfo
[03/24/2022 18:25:04] Debug: TaskParam DisableSynonym = False
[03/24/2022 18:25:04] Debug: TaskParam DisablePackagesAsSchemas = False
[03/24/2022 18:25:04] Debug: TaskParam SysdateAsCurrentTimestamp = False
[03/24/2022 18:25:04] Debug: TaskParam codeModelWriter = Mobilize.Common.AssessmentModel.Writer.CodeModelWriter
[03/24/2022 18:25:04] Debug: TaskParam ReplaceDeleteAllToTruncate = False
[03/24/2022 18:25:04] Debug: TaskParam processingProgressDescriptor = Mobilize.Common.Utils.Progress.SingleProgressDescriptor
[03/24/2022 18:25:04] Debug: TaskParam useDatabase = False
[03/24/2022 18:25:04] Debug: TaskParam userDefinedFunctionTargetTransformation = 
[03/24/2022 18:25:04] Debug: TaskParam SnowScript = False
[03/24/2022 18:25:04] Debug: TaskParam TransformationsTask.Input = /tmp/1f99f8c3-4335-4920-a5a7-4d393cc37c92/input.wsp
[03/24/2022 18:25:04] Debug: TaskParam workingSet = Artinsoft.Common.Store.RepositoryWorkingSet`2[System.String,Artinsoft.Common.Store.IItemContainer]
[03/24/2022 18:25:04] Debug: TaskParam TransformationsTask.ItemMedatada = Artinsoft.Common.Store.ItemMetadata
[03/24/2022 18:25:04] Debug: TaskParam TransformationsTask.Enabled = True
[03/24/2022 18:25:04] Debug: TaskParam Repository = Artinsoft.Common.Store.Repository
[03/24/2022 18:25:04] Debug: TaskParam RepositoryDirectory = /tmp/1f99f8c3-4335-4920-a5a7-4d393cc37c92OutDir/.mobilize/CommonEF
[03/24/2022 18:25:04] Info: Step 6/7 - Conversion Execution: STARTED
[03/24/2022 18:25:04] Info: Start transforming file missingDependencies.sql
[03/24/2022 18:25:04] Info: Transformed file missingDependencies.sql
[03/24/2022 18:25:04] Info: Start transforming file US-ASCII.sql
[03/24/2022 18:25:04] Info: Transformed file US-ASCII.sql
[03/24/2022 18:25:04] Info: Start transforming file disableEwiComments.sql
[03/24/2022 18:25:04] Info: Transformed file disableEwiComments.sql
[03/24/2022 18:25:04] Info: Start transforming file timeFormat.sql
[03/24/2022 18:25:04] Info: Transformed file timeFormat.sql
[03/24/2022 18:25:04] Info: Start transforming file SQL_BasicSample.sql
[03/24/2022 18:25:05] Info: Transformed file SQL_BasicSample.sql
[03/24/2022 18:25:05] Info: Start transforming file Unicode (UTF-8).sql
[03/24/2022 18:25:05] Info: Transformed file Unicode (UTF-8).sql
[03/24/2022 18:25:05] Info: Start transforming file replaceDeleteAllToTruncate.sql
[03/24/2022 18:25:05] Info: Transformed file replaceDeleteAllToTruncate.sql
[03/24/2022 18:25:05] Info: Start transforming file Western European (ISO 8859-1).sql
[03/24/2022 18:25:05] Info: Transformed file Western European (ISO 8859-1).sql
[03/24/2022 18:25:05] Info: Start transforming file Table_DDL_accross_Databases.sql
[03/24/2022 18:25:22] Info: Transformed file Table_DDL_accross_Databases.sql
[03/24/2022 18:25:24] Info: Step 6/7 - Conversion Execution: COMPLETED
[03/24/2022 18:25:24] Debug: TaskParam CustomSchemaName = PUBLIC
[03/24/2022 18:25:24] Debug: TaskParam initialTime = 03/24/2022 18:23:27
[03/24/2022 18:25:24] Debug: TaskParam coverage = 0
[03/24/2022 18:25:24] Debug: TaskParam inventory = Mobilize.Snow.Assessment.SqlObjectsInventory
[03/24/2022 18:25:24] Debug: TaskParam unsupportedInventory = Mobilize.Snow.Assessment.UnsupportedInventory
[03/24/2022 18:25:24] Debug: TaskParam issueInventory = Mobilize.Snow.Assessment.IssueInventory
[03/24/2022 18:25:24] Debug: TaskParam detailsInventory = Mobilize.Snow.Assessment.DetailsInventory
[03/24/2022 18:25:24] Debug: TaskParam assessmentSummaryInventory = Mobilize.Snow.Assessment.AssessmentSummaryInventory
[03/24/2022 18:25:24] Debug: TaskParam SnowScript = False
[03/24/2022 18:25:24] Debug: TaskParam reportPath = /tmp/1f99f8c3-4335-4920-a5a7-4d393cc37c92OutDir/Reports
[03/24/2022 18:25:24] Debug: TaskParam totalLOC = 62063
[03/24/2022 18:25:24] Debug: TaskParam totalProcessedLOC = 0
[03/24/2022 18:25:24] Debug: TaskParam inputInfo = Mobilize.Snow.ConversionTool.Tasks.T12InputFilesInfo
[03/24/2022 18:25:24] Debug: TaskParam inputPath = /tmp/1f99f8c3-4335-4920-a5a7-4d393cc37c92
[03/24/2022 18:25:24] Debug: TaskParam SessionTimestamp = 20220324.182327
[03/24/2022 18:25:24] Debug: TaskParam snowConfiguration = Mobilize.Snow.Configuration.SnowConfiguration
[03/24/2022 18:25:24] Debug: TaskParam TaskConversionTime = Mobilize.Snow.Assessment.TaskConversionTimeSummary
[03/24/2022 18:25:24] Debug: TaskParam outputPath = /tmp/1f99f8c3-4335-4920-a5a7-4d393cc37c92OutDir/Output
[03/24/2022 18:25:24] Debug: TaskParam stubManager = Mobilize.Snow.Common.Utils.StubGenerationManager
[03/24/2022 18:25:24] Debug: TaskParam UDFManager = Mobilize.Snow.Common.UdfManager
[03/24/2022 18:25:24] Debug: TaskParam DashboardMode = False
[03/24/2022 18:25:24] Debug: TaskParam sourceLanguage = Teradata
[03/24/2022 18:25:24] Debug: TaskParam AssessmentManager = Mobilize.Snow.Assessment.AssessmentManager
[03/24/2022 18:25:24] Debug: TaskParam writeResultsProgressDescriptor = Mobilize.Common.Utils.Progress.SingleProgressDescriptor
[03/24/2022 18:25:24] Debug: TaskParam snowExecutionResult = Mobilize.Snow.Configuration.Models.SnowExecutionResult
[03/24/2022 18:25:24] Debug: TaskParam parsedFilesCount = 9
[03/24/2022 18:25:24] Debug: TaskParam executeT12AssessmentMode = False
[03/24/2022 18:25:24] Debug: TaskParam ExecutionModeValue = Conversion
[03/24/2022 18:25:24] Debug: TaskParam ConversionEndTask.Input = /tmp/1f99f8c3-4335-4920-a5a7-4d393cc37c92/input.wsp
[03/24/2022 18:25:24] Debug: TaskParam workingSet = Artinsoft.Common.Store.RepositoryWorkingSet`2[System.String,Artinsoft.Common.Store.IItemContainer]
[03/24/2022 18:25:24] Debug: TaskParam ConversionEndTask.ItemMedatada = Artinsoft.Common.Store.ItemMetadata
[03/24/2022 18:25:24] Debug: TaskParam ConversionEndTask.Enabled = True
[03/24/2022 18:25:24] Debug: TaskParam Repository = Artinsoft.Common.Store.Repository
[03/24/2022 18:25:24] Debug: TaskParam RepositoryDirectory = /tmp/1f99f8c3-4335-4920-a5a7-4d393cc37c92OutDir/.mobilize/CommonEF
[03/24/2022 18:25:24] Info: Step 7/7 - Stats and Reports: STARTED
[03/24/2022 18:25:24] Info: 
	==============================================================================
	SnowConvert assessment execution summary
	 - Files: 9
	 - Files Not Generated: 0
	 - Total lines of code: 62063
	 - Automatically converted: 99%
	 - Conversion time: 00:01:56
	 - Conversion speed: 532 lines of code per second
	See the report files for more details about the conversion status.
	==============================================================================

[03/24/2022 18:25:24] Info: 
	==============================================================================
	LICENSE
	SnowConvert Tool.
	Production use or redistribution of tool or its output is strictly prohibited.
	Copyright (c) Mobilize.Net Corporation, 2021.
	For more License Terms and Conditions run SnowConvert with --terms.
	==============================================================================

[03/24/2022 18:25:24] Info: Writing the assessment reports
[03/24/2022 18:25:26] Info: Step 7/7 - Stats and Reports: COMPLETED
[03/24/2022 18:25:26] Info: EFProcess 637837430154995604 ended. Excecution time: 00:01:51.3928387
